<?xml version="1.0" encoding="UTF-8"?>
<!-- Generated by org.testng.reporters.JUnitXMLReporter -->
<testsuite ignored="1" hostname="Arya" failures="1" tests="5" name="Test" time="30.253" errors="0" timestamp="2026-07-16T15:14:17 EDT">
  <testcase classname="testscripts.LoginTest" name="verifyloginWithvalidCredentials" time="2.642"/>
  <testcase classname="testscripts.LoginTest" name="verifyloginWithValidUsernameandInvalidPassword" time="0.075">
    <skipped/>
  </testcase> <!-- verifyloginWithValidUsernameandInvalidPassword -->
  <testcase classname="testscripts.LoginTest" name="verifyloginWithValidUsernameandInvalidPassword" time="0.061">
    <skipped/>
  </testcase> <!-- verifyloginWithValidUsernameandInvalidPassword -->
  <testcase classname="testscripts.LoginTest" name="verifyloginWithValidUsernameandInvalidPassword" time="0.074">
    <failure type="java.lang.NullPointerException" message="Cannot invoke &amp;quot;org.apache.poi.xssf.usermodel.XSSFRow.getCell(int)&amp;quot; because &amp;quot;r&amp;quot; is null">
      <![CDATA[java.lang.NullPointerException: Cannot invoke "org.apache.poi.xssf.usermodel.XSSFRow.getCell(int)" because "r" is null
at utility.ExcelUtility.getStringData(ExcelUtility.java:23)
at testscripts.LoginTest.verifyloginWithValidUsernameandInvalidPassword(LoginTest.java:48)
at java.base/java.util.ArrayList.forEach(ArrayList.java:1596)
... Removed 25 stack frames]]>
    </failure>
  </testcase> <!-- verifyloginWithValidUsernameandInvalidPassword -->
  <testcase classname="testscripts.LoginTest" name="verifyloginWithInvalidCredentials" time="0.999"/>
  <testcase classname="testscripts.LoginTest" name="verifyloginWithInvalidUsernameandValidPassword" time="0.0">
    <ignored/>
  </testcase> <!-- verifyloginWithInvalidUsernameandValidPassword -->
</testsuite> <!-- Test -->
