<?xml version="1.0" encoding="UTF-8"?>
<!-- Generated by org.testng.reporters.JUnitReportReporter -->
<testsuite hostname="Arya" failures="0" tests="2" name="testscripts.ManageNewsTest" time="16.295" errors="0" timestamp="2026-07-20T00:42:00 EDT" skipped="0">
  <testcase classname="testscripts.ManageNewsTest" name="verifyWhetherUserIsAbleToCreateNewNews" time="10.050"/>
  <testcase classname="testscripts.ManageNewsTest" name="verifyWhetherUserIsAbleToSearchNewlyCreatedNews" time="6.245"/>
</testsuite> <!-- testscripts.ManageNewsTest -->
