<?xml version="1.0" encoding="UTF-8"?>
<!-- Generated by org.testng.reporters.JUnitReportReporter -->
<testsuite hostname="Arya" failures="0" tests="2" name="testscripts.AdminUsersTest" time="17.122" errors="0" timestamp="2026-07-20T00:39:17 EDT" skipped="0">
  <testcase classname="testscripts.AdminUsersTest" name="verfifyWhetherUserisAbleToAddNewAdminUser" time="10.377"/>
  <testcase classname="testscripts.AdminUsersTest" name="verifyWhetherUserIsAbleToSearchNewlyAddedUser" time="6.745"/>
</testsuite> <!-- testscripts.AdminUsersTest -->
