<?xml version="1.0" encoding="UTF-8"?>
<!-- Generated by org.testng.reporters.JUnitReportReporter -->
<testsuite hostname="Arya" failures="0" tests="5" name="testscripts.LoginTest" time="32.403" errors="0" timestamp="2026-07-19T14:36:17 EDT" skipped="0">
  <testcase classname="testscripts.LoginTest" name="verifyloginWithvalidCredentials" time="5.990"/>
  <testcase classname="testscripts.LoginTest" name="verifyloginWithInvalidUsernameandValidPassword" time="4.638"/>
  <testcase classname="testscripts.LoginTest" name="verifyloginWithValidUsernameandInvalidPassword" time="8.314"/>
  <testcase classname="testscripts.LoginTest" name="verifyloginWithInvalidCredentials" time="5.232"/>
  <testcase classname="testscripts.LoginTest" name="verifyloginWithInvalidCredentials" time="8.229"/>
</testsuite> <!-- testscripts.LoginTest -->
