<?xml version="1.0" encoding="UTF-8"?>
<!-- Generated by org.testng.reporters.JUnitXMLReporter -->
<testsuite ignored="3" hostname="Arya" failures="0" tests="1" name="chromeTest" time="8.276" errors="0" timestamp="2026-07-12T13:52:23 EDT">
  <testcase classname="testscripts.LoginTest" name="verifyloginWithvalidCredentials" time="4.124"/>
  <testcase classname="testscripts.LoginTest" name="loginWithValidUsernameandInvalidPassword" time="0.0">
    <ignored/>
  </testcase> <!-- loginWithValidUsernameandInvalidPassword -->
  <testcase classname="testscripts.LoginTest" name="loginWithInvalidCredentials" time="0.0">
    <ignored/>
  </testcase> <!-- loginWithInvalidCredentials -->
  <testcase classname="testscripts.LoginTest" name="loginWithInvalidUsernameandValidPassword" time="0.0">
    <ignored/>
  </testcase> <!-- loginWithInvalidUsernameandValidPassword -->
</testsuite> <!-- chromeTest -->
