<?xml version="1.0" encoding="UTF-8"?>
<!-- Generated by org.testng.reporters.JUnitXMLReporter -->
<testsuite ignored="3" hostname="Arya" failures="0" tests="1" name="edgeTest" time="0.476" errors="0" timestamp="2026-07-12T13:52:35 EDT">
  <testcase classname="testscripts.LoginTest" name="verifyloginWithvalidCredentials" time="0.0">
    <skipped/>
  </testcase> <!-- verifyloginWithvalidCredentials -->
  <testcase classname="testscripts.LoginTest" name="loginWithInvalidUsernameandValidPassword" time="0.0">
    <ignored/>
  </testcase> <!-- loginWithInvalidUsernameandValidPassword -->
  <testcase classname="testscripts.LoginTest" name="loginWithInvalidCredentials" time="0.0">
    <ignored/>
  </testcase> <!-- loginWithInvalidCredentials -->
  <testcase classname="testscripts.LoginTest" name="loginWithValidUsernameandInvalidPassword" time="0.0">
    <ignored/>
  </testcase> <!-- loginWithValidUsernameandInvalidPassword -->
</testsuite> <!-- edgeTest -->
