<?xml version="1.0" encoding="UTF-8"?>
<testng-results ignored="0" total="1" passed="1" failed="0" skipped="0">
  <reporter-output>
  </reporter-output>
  <suite started-at="2026-07-20T00:50:43 EDT" name="Suite" finished-at="2026-07-20T00:50:51 EDT" duration-ms="8605">
    <groups>
    </groups>
    <test started-at="2026-07-20T00:50:43 EDT" name="Test" finished-at="2026-07-20T00:50:51 EDT" duration-ms="8605">
      <class name="testscripts.HomeTest">
        <test-method is-config="true" signature="initializeBrowser(java.lang.String)[pri:0, instance:testscripts.HomeTest@66ea810]" started-at="2026-07-20T00:50:43 EDT" name="initializeBrowser" finished-at="2026-07-20T00:50:46 EDT" duration-ms="3702" status="PASS">
          <params>
            <param index="0">
              <value>
                <![CDATA[chrome]]>
              </value>
            </param>
          </params>
          <reporter-output>
          </reporter-output>
        </test-method> <!-- initializeBrowser -->
        <test-method signature="verifyUserIsAbleTologout()[pri:0, instance:testscripts.HomeTest@66ea810]" started-at="2026-07-20T00:50:46 EDT" name="verifyUserIsAbleTologout" description="User is trying to logout" finished-at="2026-07-20T00:50:51 EDT" duration-ms="4840" status="PASS">
          <reporter-output>
          </reporter-output>
        </test-method> <!-- verifyUserIsAbleTologout -->
        <test-method is-config="true" signature="closeBrowser(org.testng.ITestResult)[pri:0, instance:testscripts.HomeTest@66ea810]" started-at="2026-07-20T00:50:51 EDT" name="closeBrowser" finished-at="2026-07-20T00:50:51 EDT" duration-ms="0" status="PASS">
          <params>
            <param index="0">
              <value>
                <![CDATA[[TestResult name=verifyUserIsAbleTologout status=SUCCESS method=HomeTest.verifyUserIsAbleTologout()[pri:0, instance:testscripts.HomeTest@66ea810] output={null}]]]>
              </value>
            </param>
          </params>
          <reporter-output>
          </reporter-output>
        </test-method> <!-- closeBrowser -->
      </class> <!-- testscripts.HomeTest -->
    </test> <!-- Test -->
  </suite> <!-- Suite -->
</testng-results>
